<?xml version="1.0" encoding="UTF-8"?>
<!-- Generated by org.testng.reporters.JUnitXMLReporter -->
<testsuite hostname="DESKTOP-D2O8DE7" ignored="4" name="Default test" tests="6" failures="0" timestamp="28 Feb 2019 04:09:57 GMT" time="32.796" errors="0">
  <testcase name="setcontactJson" time="0.809" classname="com.crm.qa.testcases.LoginPageTest"/>
  <testcase name="setcontactJson" time="0.956" classname="com.crm.qa.testcases.LoginPageTest"/>
  <testcase name="setcontactJson" time="0.819" classname="com.crm.qa.testcases.LoginPageTest"/>
  <testcase name="setRegistrationE2EJson" time="0.777" classname="com.crm.qa.testcases.LoginPageTest"/>
  <testcase name="setRegistrationE2EJson" time="0.791" classname="com.crm.qa.testcases.LoginPageTest"/>
  <testcase name="setRegistrationSingleUser" time="0.772" classname="com.crm.qa.testcases.LoginPageTest"/>
  <testcase name="crmLogoImageTest" time="0.0" classname="com.crm.qa.testcases.LoginPageTest">
    <ignored/>
  </testcase> <!-- crmLogoImageTest -->
  <testcase name="loginPageTitleTest" time="0.0" classname="com.crm.qa.testcases.LoginPageTest">
    <ignored/>
  </testcase> <!-- loginPageTitleTest -->
  <testcase name="navigateRegistrationPage" time="0.0" classname="com.crm.qa.testcases.LoginPageTest">
    <ignored/>
  </testcase> <!-- navigateRegistrationPage -->
  <testcase name="setcontactInfo" time="0.0" classname="com.crm.qa.testcases.LoginPageTest">
    <ignored/>
  </testcase> <!-- setcontactInfo -->
</testsuite> <!-- Default test -->
